{"/home/travis/build/npmtest/node-npmtest-check-dependencies/test.js":{"path":"/home/travis/build/npmtest/node-npmtest-check-dependencies/test.js","s":{"1":2,"2":2,"3":2,"4":2,"5":2,"6":2,"7":2,"8":1,"9":2,"10":2,"11":1,"12":1,"13":1,"14":1,"15":2,"16":2,"17":2,"18":2,"19":1,"20":1,"21":2,"22":2,"23":2,"24":1,"25":1,"26":1,"27":1,"28":1,"29":1,"30":1,"31":1,"32":1,"33":1,"34":1,"35":1,"36":1,"37":1,"38":1,"39":2,"40":2,"41":1,"42":2,"43":2,"44":1,"45":2,"46":2,"47":1,"48":2,"49":2,"50":1,"51":1,"52":1,"53":1,"54":1},"b":{"1":[2,1,1,1],"2":[1,1,1,1],"3":[1,1],"4":[1,1],"5":[1,1],"6":[1,1],"7":[1,1],"8":[1,1],"9":[1,1],"10":[1,1,1],"11":[1,1],"12":[1,1],"13":[1,1],"14":[1,1],"15":[1,1],"16":[1,1],"17":[1,1]},"f":{"1":2,"2":2,"3":2,"4":2,"5":2,"6":1,"7":1,"8":1,"9":2,"10":2,"11":2,"12":2,"13":1},"fnMap":{"1":{"name":"(anonymous_1)","line":12,"loc":{"start":{"line":12,"column":1},"end":{"line":12,"column":13}}},"2":{"name":"(anonymous_2)","line":19,"loc":{"start":{"line":19,"column":5},"end":{"line":19,"column":17}}},"3":{"name":"(anonymous_3)","line":23,"loc":{"start":{"line":23,"column":24},"end":{"line":23,"column":36}}},"4":{"name":"(anonymous_4)","line":61,"loc":{"start":{"line":61,"column":5},"end":{"line":61,"column":17}}},"5":{"name":"(anonymous_5)","line":82,"loc":{"start":{"line":82,"column":5},"end":{"line":82,"column":17}}},"6":{"name":"(anonymous_6)","line":91,"loc":{"start":{"line":91,"column":77},"end":{"line":94,"column":10}}},"7":{"name":"(anonymous_7)","line":112,"loc":{"start":{"line":112,"column":83},"end":{"line":115,"column":10}},"skip":true},"8":{"name":"(anonymous_8)","line":123,"loc":{"start":{"line":123,"column":77},"end":{"line":126,"column":10}},"skip":true},"9":{"name":"(anonymous_9)","line":139,"loc":{"start":{"line":139,"column":12},"end":{"line":139,"column":40}},"skip":true},"10":{"name":"(anonymous_10)","line":147,"loc":{"start":{"line":147,"column":77},"end":{"line":150,"column":10}},"skip":true},"11":{"name":"(anonymous_11)","line":158,"loc":{"start":{"line":158,"column":83},"end":{"line":161,"column":10}},"skip":true},"12":{"name":"(anonymous_12)","line":169,"loc":{"start":{"line":169,"column":79},"end":{"line":172,"column":10}},"skip":true},"13":{"name":"(anonymous_13)","line":180,"loc":{"start":{"line":180,"column":75},"end":{"line":183,"column":10}},"skip":true}},"statementMap":{"1":{"start":{"line":12,"column":0},"end":{"line":195,"column":5}},"2":{"start":{"line":14,"column":4},"end":{"line":14,"column":14}},"3":{"start":{"line":19,"column":4},"end":{"line":56,"column":9}},"4":{"start":{"line":21,"column":8},"end":{"line":21,"column":19}},"5":{"start":{"line":23,"column":8},"end":{"line":35,"column":13}},"6":{"start":{"line":24,"column":12},"end":{"line":34,"column":13}},"7":{"start":{"line":25,"column":16},"end":{"line":28,"column":30}},"8":{"start":{"line":30,"column":16},"end":{"line":33,"column":27}},"9":{"start":{"line":37,"column":8},"end":{"line":39,"column":21}},"10":{"start":{"line":40,"column":8},"end":{"line":53,"column":9}},"11":{"start":{"line":43,"column":12},"end":{"line":46,"column":14}},"12":{"start":{"line":47,"column":12},"end":{"line":47,"column":18}},"13":{"start":{"line":50,"column":12},"end":{"line":51,"column":33}},"14":{"start":{"line":52,"column":12},"end":{"line":52,"column":18}},"15":{"start":{"line":55,"column":8},"end":{"line":55,"column":35}},"16":{"start":{"line":61,"column":4},"end":{"line":63,"column":9}},"17":{"start":{"line":62,"column":8},"end":{"line":62,"column":15}},"18":{"start":{"line":64,"column":4},"end":{"line":77,"column":5}},"19":{"start":{"line":70,"column":8},"end":{"line":70,"column":14}},"20":{"start":{"line":76,"column":8},"end":{"line":76,"column":14}},"21":{"start":{"line":82,"column":4},"end":{"line":84,"column":9}},"22":{"start":{"line":83,"column":8},"end":{"line":83,"column":15}},"23":{"start":{"line":85,"column":4},"end":{"line":194,"column":5}},"24":{"start":{"line":91,"column":8},"end":{"line":99,"column":10}},"25":{"start":{"line":98,"column":12},"end":{"line":98,"column":35}},"26":{"start":{"line":102,"column":8},"end":{"line":104,"column":63}},"27":{"start":{"line":105,"column":8},"end":{"line":105,"column":14}},"28":{"start":{"line":112,"column":8},"end":{"line":121,"column":10},"skip":true},"29":{"start":{"line":119,"column":12},"end":{"line":119,"column":55},"skip":true},"30":{"start":{"line":120,"column":12},"end":{"line":120,"column":48},"skip":true},"31":{"start":{"line":123,"column":8},"end":{"line":136,"column":10},"skip":true},"32":{"start":{"line":130,"column":12},"end":{"line":130,"column":76},"skip":true},"33":{"start":{"line":131,"column":12},"end":{"line":131,"column":73},"skip":true},"34":{"start":{"line":132,"column":12},"end":{"line":132,"column":74},"skip":true},"35":{"start":{"line":133,"column":12},"end":{"line":133,"column":79},"skip":true},"36":{"start":{"line":134,"column":12},"end":{"line":134,"column":25},"skip":true},"37":{"start":{"line":135,"column":12},"end":{"line":135,"column":45},"skip":true},"38":{"start":{"line":138,"column":8},"end":{"line":145,"column":14},"skip":true},"39":{"start":{"line":143,"column":16},"end":{"line":143,"column":29},"skip":true},"40":{"start":{"line":144,"column":16},"end":{"line":144,"column":55},"skip":true},"41":{"start":{"line":147,"column":8},"end":{"line":156,"column":10},"skip":true},"42":{"start":{"line":154,"column":12},"end":{"line":154,"column":25},"skip":true},"43":{"start":{"line":155,"column":12},"end":{"line":155,"column":45},"skip":true},"44":{"start":{"line":158,"column":8},"end":{"line":167,"column":10},"skip":true},"45":{"start":{"line":165,"column":12},"end":{"line":165,"column":25},"skip":true},"46":{"start":{"line":166,"column":12},"end":{"line":166,"column":48},"skip":true},"47":{"start":{"line":169,"column":8},"end":{"line":178,"column":10},"skip":true},"48":{"start":{"line":176,"column":12},"end":{"line":176,"column":25},"skip":true},"49":{"start":{"line":177,"column":12},"end":{"line":177,"column":46},"skip":true},"50":{"start":{"line":180,"column":8},"end":{"line":189,"column":10},"skip":true},"51":{"start":{"line":187,"column":12},"end":{"line":187,"column":94},"skip":true},"52":{"start":{"line":188,"column":12},"end":{"line":188,"column":48},"skip":true},"53":{"start":{"line":192,"column":8},"end":{"line":192,"column":35},"skip":true},"54":{"start":{"line":193,"column":8},"end":{"line":193,"column":14},"skip":true}},"branchMap":{"1":{"line":25,"type":"binary-expr","locations":[{"start":{"line":25,"column":23},"end":{"line":25,"column":62}},{"start":{"line":26,"column":20},"end":{"line":26,"column":70}},{"start":{"line":27,"column":20},"end":{"line":27,"column":71}},{"start":{"line":28,"column":20},"end":{"line":28,"column":29}}]},"2":{"line":30,"type":"binary-expr","locations":[{"start":{"line":30,"column":23},"end":{"line":30,"column":37}},{"start":{"line":31,"column":20},"end":{"line":31,"column":61}},{"start":{"line":32,"column":20},"end":{"line":32,"column":70}},{"start":{"line":33,"column":20},"end":{"line":33,"column":26}}]},"3":{"line":37,"type":"cond-expr","locations":[{"start":{"line":38,"column":14},"end":{"line":38,"column":20}},{"start":{"line":39,"column":14},"end":{"line":39,"column":20}}]},"4":{"line":40,"type":"switch","locations":[{"start":{"line":42,"column":8},"end":{"line":47,"column":18}},{"start":{"line":49,"column":8},"end":{"line":52,"column":18}}]},"5":{"line":44,"type":"binary-expr","locations":[{"start":{"line":44,"column":16},"end":{"line":44,"column":44}},{"start":{"line":44,"column":48},"end":{"line":44,"column":66}}]},"6":{"line":50,"type":"binary-expr","locations":[{"start":{"line":50,"column":21},"end":{"line":50,"column":49}},{"start":{"line":50,"column":53},"end":{"line":50,"column":72}}]},"7":{"line":64,"type":"switch","locations":[{"start":{"line":69,"column":4},"end":{"line":70,"column":14}},{"start":{"line":75,"column":4},"end":{"line":76,"column":14}}]},"8":{"line":85,"type":"switch","locations":[{"start":{"line":90,"column":4},"end":{"line":105,"column":14}},{"start":{"line":111,"column":4},"end":{"line":193,"column":14},"skip":true}]},"9":{"line":91,"type":"binary-expr","locations":[{"start":{"line":91,"column":42},"end":{"line":91,"column":73}},{"start":{"line":91,"column":77},"end":{"line":99,"column":9}}]},"10":{"line":102,"type":"binary-expr","locations":[{"start":{"line":102,"column":18},"end":{"line":102,"column":32}},{"start":{"line":103,"column":12},"end":{"line":103,"column":53}},{"start":{"line":104,"column":12},"end":{"line":104,"column":61}}]},"11":{"line":112,"type":"binary-expr","locations":[{"start":{"line":112,"column":45},"end":{"line":112,"column":79},"skip":true},{"start":{"line":112,"column":83},"end":{"line":121,"column":9},"skip":true}]},"12":{"line":123,"type":"binary-expr","locations":[{"start":{"line":123,"column":42},"end":{"line":123,"column":73},"skip":true},{"start":{"line":123,"column":77},"end":{"line":136,"column":9},"skip":true}]},"13":{"line":138,"type":"binary-expr","locations":[{"start":{"line":138,"column":48},"end":{"line":138,"column":85},"skip":true},{"start":{"line":139,"column":12},"end":{"line":145,"column":13},"skip":true}]},"14":{"line":147,"type":"binary-expr","locations":[{"start":{"line":147,"column":42},"end":{"line":147,"column":73},"skip":true},{"start":{"line":147,"column":77},"end":{"line":156,"column":9},"skip":true}]},"15":{"line":158,"type":"binary-expr","locations":[{"start":{"line":158,"column":45},"end":{"line":158,"column":79},"skip":true},{"start":{"line":158,"column":83},"end":{"line":167,"column":9},"skip":true}]},"16":{"line":169,"type":"binary-expr","locations":[{"start":{"line":169,"column":43},"end":{"line":169,"column":75},"skip":true},{"start":{"line":169,"column":79},"end":{"line":178,"column":9},"skip":true}]},"17":{"line":180,"type":"binary-expr","locations":[{"start":{"line":180,"column":41},"end":{"line":180,"column":71},"skip":true},{"start":{"line":180,"column":75},"end":{"line":189,"column":9},"skip":true}]}},"code":["/* istanbul instrument in package npmtest_check_dependencies */","/*jslint","    bitwise: true,","    browser: true,","    maxerr: 8,","    maxlen: 96,","    node: true,","    nomen: true,","    regexp: true,","    stupid: true","*/","(function () {","    'use strict';","    var local;","","","","    // run shared js-env code - pre-init","    (function () {","        // init local","        local = {};","        // init modeJs","        local.modeJs = (function () {","            try {","                return typeof navigator.userAgent === 'string' &&","                    typeof document.querySelector('body') === 'object' &&","                    typeof XMLHttpRequest.prototype.open === 'function' &&","                    'browser';","            } catch (errorCaughtBrowser) {","                return module.exports &&","                    typeof process.versions.node === 'string' &&","                    typeof require('http').createServer === 'function' &&","                    'node';","            }","        }());","        // init global","        local.global = local.modeJs === 'browser'","            ? window","            : global;","        switch (local.modeJs) {","        // re-init local from window.local","        case 'browser':","            local = local.global.utility2.objectSetDefault(","                local.global.utility2_rollup || local.global.local,","                local.global.utility2","            );","            break;","        // re-init local from example.js","        case 'node':","            local = (local.global.utility2_rollup || require('utility2'))","                .requireReadme();","            break;","        }","        // export local","        local.global.local = local;","    }());","","","","    // run shared js-env code - function","    (function () {","        return;","    }());","    switch (local.modeJs) {","","","","    // run browser js-env code - function","    case 'browser':","        break;","","","","    // run node js-env code - function","    case 'node':","        break;","    }","","","","    // run shared js-env code - post-init","    (function () {","        return;","    }());","    switch (local.modeJs) {","","","","    // run browser js-env code - post-init","    case 'browser':","        local.testCase_browser_nullCase = local.testCase_browser_nullCase || function (","            options,","            onError","        ) {","        /*","         * this function will test browsers's null-case handling-behavior-behavior","         */","            onError(null, options);","        };","","        // run tests","        local.nop(local.modeTest &&","            document.querySelector('#testRunButton1') &&","            document.querySelector('#testRunButton1').click());","        break;","","","","    // run node js-env code - post-init","    /* istanbul ignore next */","    case 'node':","        local.testCase_buildApidoc_default = local.testCase_buildApidoc_default || function (","            options,","            onError","        ) {","        /*","         * this function will test buildApidoc's default handling-behavior-behavior","         */","            options = { modulePathList: module.paths };","            local.buildApidoc(options, onError);","        };","","        local.testCase_buildApp_default = local.testCase_buildApp_default || function (","            options,","            onError","        ) {","        /*","         * this function will test buildApp's default handling-behavior-behavior","         */","            local.testCase_buildReadme_default(options, local.onErrorThrow);","            local.testCase_buildLib_default(options, local.onErrorThrow);","            local.testCase_buildTest_default(options, local.onErrorThrow);","            local.testCase_buildCustomOrg_default(options, local.onErrorThrow);","            options = [];","            local.buildApp(options, onError);","        };","","        local.testCase_buildCustomOrg_default = local.testCase_buildCustomOrg_default ||","            function (options, onError) {","            /*","             * this function will test buildCustomOrg's default handling-behavior","             */","                options = {};","                local.buildCustomOrg(options, onError);","            };","","        local.testCase_buildLib_default = local.testCase_buildLib_default || function (","            options,","            onError","        ) {","        /*","         * this function will test buildLib's default handling-behavior","         */","            options = {};","            local.buildLib(options, onError);","        };","","        local.testCase_buildReadme_default = local.testCase_buildReadme_default || function (","            options,","            onError","        ) {","        /*","         * this function will test buildReadme's default handling-behavior-behavior","         */","            options = {};","            local.buildReadme(options, onError);","        };","","        local.testCase_buildTest_default = local.testCase_buildTest_default || function (","            options,","            onError","        ) {","        /*","         * this function will test buildTest's default handling-behavior","         */","            options = {};","            local.buildTest(options, onError);","        };","","        local.testCase_webpage_default = local.testCase_webpage_default || function (","            options,","            onError","        ) {","        /*","         * this function will test webpage's default handling-behavior","         */","            options = { modeCoverageMerge: true, url: local.serverLocalHost + '?modeTest=1' };","            local.browserTest(options, onError);","        };","","        // run test-server","        local.testRunServer(local);","        break;","    }","}());",""],"l":{"12":2,"14":2,"19":2,"21":2,"23":2,"24":2,"25":2,"30":1,"37":2,"40":2,"43":1,"47":1,"50":1,"52":1,"55":2,"61":2,"62":2,"64":2,"70":1,"76":1,"82":2,"83":2,"85":2,"91":1,"98":1,"102":1,"105":1,"112":1,"119":1,"120":1,"123":1,"130":1,"131":1,"132":1,"133":1,"134":1,"135":1,"138":1,"143":2,"144":2,"147":1,"154":2,"155":2,"158":1,"165":2,"166":2,"169":1,"176":2,"177":2,"180":1,"187":1,"188":1,"192":1,"193":1}},"/home/travis/build/npmtest/node-npmtest-check-dependencies/lib.npmtest_check_dependencies.js":{"path":"/home/travis/build/npmtest/node-npmtest-check-dependencies/lib.npmtest_check_dependencies.js","s":{"1":2,"2":2,"3":2,"4":2,"5":2,"6":2,"7":2,"8":1,"9":2,"10":2,"11":2,"12":2,"13":1,"14":1,"15":1,"16":1},"b":{"1":[2,1,1,1],"2":[1,1,1,1],"3":[1,1],"4":[2,2],"5":[1,1]},"f":{"1":2,"2":2,"3":2},"fnMap":{"1":{"name":"(anonymous_1)","line":12,"loc":{"start":{"line":12,"column":1},"end":{"line":12,"column":13}}},"2":{"name":"(anonymous_2)","line":19,"loc":{"start":{"line":19,"column":5},"end":{"line":19,"column":17}}},"3":{"name":"(anonymous_3)","line":23,"loc":{"start":{"line":23,"column":24},"end":{"line":23,"column":36}}}},"statementMap":{"1":{"start":{"line":12,"column":0},"end":{"line":53,"column":5}},"2":{"start":{"line":14,"column":4},"end":{"line":14,"column":14}},"3":{"start":{"line":19,"column":4},"end":{"line":52,"column":9}},"4":{"start":{"line":21,"column":8},"end":{"line":21,"column":19}},"5":{"start":{"line":23,"column":8},"end":{"line":35,"column":13}},"6":{"start":{"line":24,"column":12},"end":{"line":34,"column":13}},"7":{"start":{"line":25,"column":16},"end":{"line":28,"column":30}},"8":{"start":{"line":30,"column":16},"end":{"line":33,"column":27}},"9":{"start":{"line":37,"column":8},"end":{"line":39,"column":21}},"10":{"start":{"line":41,"column":8},"end":{"line":41,"column":54}},"11":{"start":{"line":43,"column":8},"end":{"line":43,"column":63}},"12":{"start":{"line":45,"column":8},"end":{"line":51,"column":9}},"13":{"start":{"line":46,"column":12},"end":{"line":46,"column":69}},"14":{"start":{"line":48,"column":12},"end":{"line":48,"column":35}},"15":{"start":{"line":49,"column":12},"end":{"line":49,"column":49}},"16":{"start":{"line":50,"column":12},"end":{"line":50,"column":43}}},"branchMap":{"1":{"line":25,"type":"binary-expr","locations":[{"start":{"line":25,"column":23},"end":{"line":25,"column":62}},{"start":{"line":26,"column":20},"end":{"line":26,"column":70}},{"start":{"line":27,"column":20},"end":{"line":27,"column":71}},{"start":{"line":28,"column":20},"end":{"line":28,"column":29}}]},"2":{"line":30,"type":"binary-expr","locations":[{"start":{"line":30,"column":23},"end":{"line":30,"column":37}},{"start":{"line":31,"column":20},"end":{"line":31,"column":61}},{"start":{"line":32,"column":20},"end":{"line":32,"column":70}},{"start":{"line":33,"column":20},"end":{"line":33,"column":26}}]},"3":{"line":37,"type":"cond-expr","locations":[{"start":{"line":38,"column":14},"end":{"line":38,"column":20}},{"start":{"line":39,"column":14},"end":{"line":39,"column":20}}]},"4":{"line":41,"type":"binary-expr","locations":[{"start":{"line":41,"column":16},"end":{"line":41,"column":44}},{"start":{"line":41,"column":48},"end":{"line":41,"column":53}}]},"5":{"line":45,"type":"if","locations":[{"start":{"line":45,"column":8},"end":{"line":45,"column":8}},{"start":{"line":45,"column":8},"end":{"line":45,"column":8}}]}},"code":["/* istanbul instrument in package npmtest_check_dependencies */","/*jslint","    bitwise: true,","    browser: true,","    maxerr: 8,","    maxlen: 96,","    node: true,","    nomen: true,","    regexp: true,","    stupid: true","*/","(function () {","    'use strict';","    var local;","","","","    // run shared js-env code - pre-init","    (function () {","        // init local","        local = {};","        // init modeJs","        local.modeJs = (function () {","            try {","                return typeof navigator.userAgent === 'string' &&","                    typeof document.querySelector('body') === 'object' &&","                    typeof XMLHttpRequest.prototype.open === 'function' &&","                    'browser';","            } catch (errorCaughtBrowser) {","                return module.exports &&","                    typeof process.versions.node === 'string' &&","                    typeof require('http').createServer === 'function' &&","                    'node';","            }","        }());","        // init global","        local.global = local.modeJs === 'browser'","            ? window","            : global;","        // init utility2_rollup","        local = local.global.utility2_rollup || local;","        // init lib","        local.local = local.npmtest_check_dependencies = local;","        // init exports","        if (local.modeJs === 'browser') {","            local.global.utility2_npmtest_check_dependencies = local;","        } else {","            module.exports = local;","            module.exports.__dirname = __dirname;","            module.exports.module = module;","        }","    }());","}());",""],"l":{"12":2,"14":2,"19":2,"21":2,"23":2,"24":2,"25":2,"30":1,"37":2,"41":2,"43":2,"45":2,"46":1,"48":1,"49":1,"50":1}},"/home/travis/build/npmtest/node-npmtest-check-dependencies/example.js":{"path":"/home/travis/build/npmtest/node-npmtest-check-dependencies/example.js","s":{"1":2,"2":2,"3":2,"4":2,"5":2,"6":2,"7":2,"8":1,"9":2,"10":2,"11":2,"12":2,"13":1,"14":2,"15":2,"16":2,"17":2,"18":2,"19":0,"20":2,"21":1,"22":1,"23":1,"24":1,"25":1,"26":0,"27":0,"28":1,"29":1,"30":2,"31":0,"32":0,"33":0,"34":1,"35":2,"36":2,"37":3,"38":3,"39":3,"40":3,"41":0,"42":3,"43":3,"44":3,"45":1,"46":3,"47":1,"48":1,"49":1,"50":1,"51":1,"52":1,"53":1,"54":1,"55":1,"56":1,"57":0,"58":1,"59":6,"60":6,"61":1,"62":2,"63":0,"64":2,"65":1,"66":1,"67":0,"68":0,"69":0,"70":0,"71":0,"72":0,"73":0,"74":0,"75":0,"76":0,"77":0,"78":0,"79":0,"80":0,"81":0,"82":0,"83":0},"b":{"1":[2,1,1,1],"2":[1,1,1,1],"3":[1,1],"4":[2,2],"5":[1,1],"6":[1,1],"7":[2,0],"8":[2,1,1,1,1,1],"9":[0,2,0],"10":[1,1],"11":[2,1,1],"12":[1,0],"13":[0,2],"14":[2,0,0,0,0,0,0],"15":[0,3],"16":[3,0],"17":[1,1],"18":[0,1],"19":[1,2,0,2],"20":[1,0],"21":[1,1],"22":[0,0],"23":[0,0],"24":[0,0],"25":[0,0],"26":[0,0],"27":[0,0],"28":[0,0]},"f":{"1":2,"2":2,"3":2,"4":2,"5":2,"6":2,"7":3,"8":3,"9":3,"10":1,"11":6,"12":0},"fnMap":{"1":{"name":"(anonymous_1)","line":26,"loc":{"start":{"line":26,"column":1},"end":{"line":26,"column":13}}},"2":{"name":"(anonymous_2)","line":33,"loc":{"start":{"line":33,"column":5},"end":{"line":33,"column":17}}},"3":{"name":"(anonymous_3)","line":37,"loc":{"start":{"line":37,"column":24},"end":{"line":37,"column":36}}},"4":{"name":"(anonymous_4)","line":69,"loc":{"start":{"line":69,"column":31},"end":{"line":69,"column":48}},"skip":true},"5":{"name":"(anonymous_5)","line":78,"loc":{"start":{"line":78,"column":26},"end":{"line":78,"column":45}},"skip":true},"6":{"name":"(anonymous_6)","line":123,"loc":{"start":{"line":123,"column":33},"end":{"line":123,"column":48}},"skip":true},"7":{"name":"(anonymous_7)","line":125,"loc":{"start":{"line":125,"column":27},"end":{"line":125,"column":39}},"skip":true},"8":{"name":"(anonymous_8)","line":133,"loc":{"start":{"line":133,"column":59},"end":{"line":133,"column":74}},"skip":true},"9":{"name":"(anonymous_9)","line":143,"loc":{"start":{"line":143,"column":45},"end":{"line":143,"column":62}},"skip":true},"10":{"name":"(anonymous_10)","line":144,"loc":{"start":{"line":144,"column":73},"end":{"line":144,"column":92}},"skip":true},"11":{"name":"(anonymous_11)","line":272,"loc":{"start":{"line":272,"column":51},"end":{"line":272,"column":77}},"skip":true},"12":{"name":"(anonymous_12)","line":315,"loc":{"start":{"line":315,"column":32},"end":{"line":315,"column":61}},"skip":true}},"statementMap":{"1":{"start":{"line":26,"column":0},"end":{"line":326,"column":5}},"2":{"start":{"line":28,"column":4},"end":{"line":28,"column":14}},"3":{"start":{"line":33,"column":4},"end":{"line":60,"column":9}},"4":{"start":{"line":35,"column":8},"end":{"line":35,"column":19}},"5":{"start":{"line":37,"column":8},"end":{"line":49,"column":13}},"6":{"start":{"line":38,"column":12},"end":{"line":48,"column":13}},"7":{"start":{"line":39,"column":16},"end":{"line":42,"column":30}},"8":{"start":{"line":44,"column":16},"end":{"line":47,"column":27}},"9":{"start":{"line":51,"column":8},"end":{"line":53,"column":21}},"10":{"start":{"line":55,"column":8},"end":{"line":57,"column":45}},"11":{"start":{"line":59,"column":8},"end":{"line":59,"column":35}},"12":{"start":{"line":61,"column":4},"end":{"line":325,"column":5}},"13":{"start":{"line":69,"column":8},"end":{"line":121,"column":10},"skip":true},"14":{"start":{"line":70,"column":12},"end":{"line":88,"column":13},"skip":true},"15":{"start":{"line":76,"column":16},"end":{"line":87,"column":19},"skip":true},"16":{"start":{"line":79,"column":20},"end":{"line":86,"column":21},"skip":true},"17":{"start":{"line":82,"column":24},"end":{"line":82,"column":43},"skip":true},"18":{"start":{"line":83,"column":24},"end":{"line":83,"column":30},"skip":true},"19":{"start":{"line":85,"column":24},"end":{"line":85,"column":49},"skip":true},"20":{"start":{"line":89,"column":12},"end":{"line":107,"column":13},"skip":true},"21":{"start":{"line":92,"column":16},"end":{"line":102,"column":17},"skip":true},"22":{"start":{"line":93,"column":20},"end":{"line":93,"column":86},"skip":true},"23":{"start":{"line":94,"column":20},"end":{"line":95,"column":45},"skip":true},"24":{"start":{"line":96,"column":20},"end":{"line":96,"column":42},"skip":true},"25":{"start":{"line":97,"column":20},"end":{"line":97,"column":48},"skip":true},"26":{"start":{"line":100,"column":20},"end":{"line":100,"column":85},"skip":true},"27":{"start":{"line":101,"column":20},"end":{"line":101,"column":96},"skip":true},"28":{"start":{"line":103,"column":16},"end":{"line":103,"column":22},"skip":true},"29":{"start":{"line":106,"column":16},"end":{"line":106,"column":22},"skip":true},"30":{"start":{"line":108,"column":12},"end":{"line":120,"column":13},"skip":true},"31":{"start":{"line":114,"column":16},"end":{"line":119,"column":17},"skip":true},"32":{"start":{"line":116,"column":20},"end":{"line":116,"column":78},"skip":true},"33":{"start":{"line":118,"column":20},"end":{"line":118,"column":47},"skip":true},"34":{"start":{"line":123,"column":8},"end":{"line":141,"column":11},"skip":true},"35":{"start":{"line":124,"column":12},"end":{"line":124,"column":54},"skip":true},"36":{"start":{"line":125,"column":12},"end":{"line":140,"column":14},"skip":true},"37":{"start":{"line":126,"column":16},"end":{"line":126,"column":28},"skip":true},"38":{"start":{"line":127,"column":16},"end":{"line":127,"column":69},"skip":true},"39":{"start":{"line":128,"column":16},"end":{"line":128,"column":75},"skip":true},"40":{"start":{"line":129,"column":16},"end":{"line":131,"column":17},"skip":true},"41":{"start":{"line":130,"column":20},"end":{"line":130,"column":27},"skip":true},"42":{"start":{"line":133,"column":16},"end":{"line":137,"column":36},"skip":true},"43":{"start":{"line":134,"column":20},"end":{"line":136,"column":55},"skip":true},"44":{"start":{"line":139,"column":16},"end":{"line":139,"column":57},"skip":true},"45":{"start":{"line":143,"column":8},"end":{"line":147,"column":11},"skip":true},"46":{"start":{"line":144,"column":12},"end":{"line":146,"column":15},"skip":true},"47":{"start":{"line":145,"column":16},"end":{"line":145,"column":70},"skip":true},"48":{"start":{"line":149,"column":8},"end":{"line":149,"column":31},"skip":true},"49":{"start":{"line":150,"column":8},"end":{"line":150,"column":14},"skip":true},"50":{"start":{"line":158,"column":8},"end":{"line":158,"column":31},"skip":true},"51":{"start":{"line":160,"column":8},"end":{"line":160,"column":33},"skip":true},"52":{"start":{"line":161,"column":8},"end":{"line":161,"column":37},"skip":true},"53":{"start":{"line":162,"column":8},"end":{"line":162,"column":35},"skip":true},"54":{"start":{"line":164,"column":8},"end":{"line":164,"column":50},"skip":true},"55":{"start":{"line":166,"column":8},"end":{"line":256,"column":2},"skip":true},"56":{"start":{"line":258,"column":8},"end":{"line":286,"column":9},"skip":true},"57":{"start":{"line":259,"column":12},"end":{"line":269,"column":14},"skip":true},"58":{"start":{"line":271,"column":12},"end":{"line":285,"column":19},"skip":true},"59":{"start":{"line":274,"column":20},"end":{"line":274,"column":35},"skip":true},"60":{"start":{"line":275,"column":20},"end":{"line":284,"column":21},"skip":true},"61":{"start":{"line":277,"column":24},"end":{"line":277,"column":64},"skip":true},"62":{"start":{"line":279,"column":24},"end":{"line":279,"column":40},"skip":true},"63":{"start":{"line":281,"column":24},"end":{"line":281,"column":40},"skip":true},"64":{"start":{"line":283,"column":24},"end":{"line":283,"column":39},"skip":true},"65":{"start":{"line":288,"column":8},"end":{"line":290,"column":9},"skip":true},"66":{"start":{"line":289,"column":12},"end":{"line":289,"column":18},"skip":true},"67":{"start":{"line":291,"column":8},"end":{"line":293,"column":54},"skip":true},"68":{"start":{"line":296,"column":8},"end":{"line":301,"column":37},"skip":true},"69":{"start":{"line":303,"column":8},"end":{"line":303,"column":82},"skip":true},"70":{"start":{"line":306,"column":8},"end":{"line":308,"column":9},"skip":true},"71":{"start":{"line":307,"column":12},"end":{"line":307,"column":82},"skip":true},"72":{"start":{"line":310,"column":8},"end":{"line":312,"column":9},"skip":true},"73":{"start":{"line":311,"column":12},"end":{"line":311,"column":18},"skip":true},"74":{"start":{"line":313,"column":8},"end":{"line":313,"column":54},"skip":true},"75":{"start":{"line":314,"column":8},"end":{"line":314,"column":69},"skip":true},"76":{"start":{"line":315,"column":8},"end":{"line":323,"column":36},"skip":true},"77":{"start":{"line":316,"column":12},"end":{"line":316,"column":61},"skip":true},"78":{"start":{"line":317,"column":12},"end":{"line":320,"column":13},"skip":true},"79":{"start":{"line":318,"column":16},"end":{"line":318,"column":75},"skip":true},"80":{"start":{"line":319,"column":16},"end":{"line":319,"column":23},"skip":true},"81":{"start":{"line":321,"column":12},"end":{"line":321,"column":38},"skip":true},"82":{"start":{"line":322,"column":12},"end":{"line":322,"column":27},"skip":true},"83":{"start":{"line":324,"column":8},"end":{"line":324,"column":14},"skip":true}},"branchMap":{"1":{"line":39,"type":"binary-expr","locations":[{"start":{"line":39,"column":23},"end":{"line":39,"column":62}},{"start":{"line":40,"column":20},"end":{"line":40,"column":70}},{"start":{"line":41,"column":20},"end":{"line":41,"column":71}},{"start":{"line":42,"column":20},"end":{"line":42,"column":29}}]},"2":{"line":44,"type":"binary-expr","locations":[{"start":{"line":44,"column":23},"end":{"line":44,"column":37}},{"start":{"line":45,"column":20},"end":{"line":45,"column":61}},{"start":{"line":46,"column":20},"end":{"line":46,"column":70}},{"start":{"line":47,"column":20},"end":{"line":47,"column":26}}]},"3":{"line":51,"type":"cond-expr","locations":[{"start":{"line":52,"column":14},"end":{"line":52,"column":20}},{"start":{"line":53,"column":14},"end":{"line":53,"column":20}}]},"4":{"line":55,"type":"binary-expr","locations":[{"start":{"line":55,"column":16},"end":{"line":55,"column":44}},{"start":{"line":55,"column":49},"end":{"line":57,"column":43}}]},"5":{"line":55,"type":"cond-expr","locations":[{"start":{"line":56,"column":14},"end":{"line":56,"column":62}},{"start":{"line":57,"column":14},"end":{"line":57,"column":43}}]},"6":{"line":61,"type":"switch","locations":[{"start":{"line":68,"column":4},"end":{"line":150,"column":14},"skip":true},{"start":{"line":156,"column":4},"end":{"line":324,"column":14},"skip":true}]},"7":{"line":70,"type":"if","locations":[{"start":{"line":70,"column":12},"end":{"line":70,"column":12},"skip":true},{"start":{"line":70,"column":12},"end":{"line":70,"column":12},"skip":true}]},"8":{"line":70,"type":"binary-expr","locations":[{"start":{"line":70,"column":16},"end":{"line":70,"column":22},"skip":true},{"start":{"line":70,"column":27},"end":{"line":70,"column":32},"skip":true},{"start":{"line":71,"column":20},"end":{"line":71,"column":39},"skip":true},{"start":{"line":72,"column":20},"end":{"line":72,"column":49},"skip":true},{"start":{"line":73,"column":20},"end":{"line":73,"column":58},"skip":true},{"start":{"line":74,"column":20},"end":{"line":74,"column":69},"skip":true}]},"9":{"line":79,"type":"switch","locations":[{"start":{"line":80,"column":20},"end":{"line":80,"column":33},"skip":true},{"start":{"line":81,"column":20},"end":{"line":83,"column":30},"skip":true},{"start":{"line":84,"column":20},"end":{"line":85,"column":49},"skip":true}]},"10":{"line":89,"type":"switch","locations":[{"start":{"line":90,"column":12},"end":{"line":103,"column":22},"skip":true},{"start":{"line":105,"column":12},"end":{"line":106,"column":22},"skip":true}]},"11":{"line":89,"type":"binary-expr","locations":[{"start":{"line":89,"column":20},"end":{"line":89,"column":25},"skip":true},{"start":{"line":89,"column":29},"end":{"line":89,"column":48},"skip":true},{"start":{"line":89,"column":52},"end":{"line":89,"column":74},"skip":true}]},"12":{"line":92,"type":"if","locations":[{"start":{"line":92,"column":16},"end":{"line":92,"column":16},"skip":true},{"start":{"line":92,"column":16},"end":{"line":92,"column":16},"skip":true}]},"13":{"line":108,"type":"if","locations":[{"start":{"line":108,"column":12},"end":{"line":108,"column":12},"skip":true},{"start":{"line":108,"column":12},"end":{"line":108,"column":12},"skip":true}]},"14":{"line":108,"type":"binary-expr","locations":[{"start":{"line":108,"column":16},"end":{"line":108,"column":61},"skip":true},{"start":{"line":108,"column":66},"end":{"line":108,"column":72},"skip":true},{"start":{"line":108,"column":77},"end":{"line":108,"column":82},"skip":true},{"start":{"line":109,"column":20},"end":{"line":109,"column":39},"skip":true},{"start":{"line":110,"column":20},"end":{"line":110,"column":49},"skip":true},{"start":{"line":111,"column":20},"end":{"line":111,"column":58},"skip":true},{"start":{"line":112,"column":20},"end":{"line":112,"column":68},"skip":true}]},"15":{"line":129,"type":"if","locations":[{"start":{"line":129,"column":16},"end":{"line":129,"column":16},"skip":true},{"start":{"line":129,"column":16},"end":{"line":129,"column":16},"skip":true}]},"16":{"line":134,"type":"cond-expr","locations":[{"start":{"line":135,"column":26},"end":{"line":135,"column":29},"skip":true},{"start":{"line":136,"column":26},"end":{"line":136,"column":54},"skip":true}]},"17":{"line":164,"type":"binary-expr","locations":[{"start":{"line":164,"column":27},"end":{"line":164,"column":43},"skip":true},{"start":{"line":164,"column":47},"end":{"line":164,"column":49},"skip":true}]},"18":{"line":258,"type":"if","locations":[{"start":{"line":258,"column":8},"end":{"line":258,"column":8},"skip":true},{"start":{"line":258,"column":8},"end":{"line":258,"column":8},"skip":true}]},"19":{"line":275,"type":"switch","locations":[{"start":{"line":276,"column":20},"end":{"line":277,"column":64},"skip":true},{"start":{"line":278,"column":20},"end":{"line":279,"column":40},"skip":true},{"start":{"line":280,"column":20},"end":{"line":281,"column":40},"skip":true},{"start":{"line":282,"column":20},"end":{"line":283,"column":39},"skip":true}]},"20":{"line":288,"type":"if","locations":[{"start":{"line":288,"column":8},"end":{"line":288,"column":8},"skip":true},{"start":{"line":288,"column":8},"end":{"line":288,"column":8},"skip":true}]},"21":{"line":288,"type":"binary-expr","locations":[{"start":{"line":288,"column":12},"end":{"line":288,"column":40},"skip":true},{"start":{"line":288,"column":44},"end":{"line":288,"column":67},"skip":true}]},"22":{"line":292,"type":"binary-expr","locations":[{"start":{"line":292,"column":12},"end":{"line":292,"column":50},"skip":true},{"start":{"line":293,"column":12},"end":{"line":293,"column":53},"skip":true}]},"23":{"line":297,"type":"binary-expr","locations":[{"start":{"line":297,"column":12},"end":{"line":297,"column":76},"skip":true},{"start":{"line":298,"column":12},"end":{"line":301,"column":36},"skip":true}]},"24":{"line":303,"type":"binary-expr","locations":[{"start":{"line":303,"column":43},"end":{"line":303,"column":75},"skip":true},{"start":{"line":303,"column":79},"end":{"line":303,"column":81},"skip":true}]},"25":{"line":306,"type":"if","locations":[{"start":{"line":306,"column":8},"end":{"line":306,"column":8},"skip":true},{"start":{"line":306,"column":8},"end":{"line":306,"column":8},"skip":true}]},"26":{"line":310,"type":"if","locations":[{"start":{"line":310,"column":8},"end":{"line":310,"column":8},"skip":true},{"start":{"line":310,"column":8},"end":{"line":310,"column":8},"skip":true}]},"27":{"line":313,"type":"binary-expr","locations":[{"start":{"line":313,"column":27},"end":{"line":313,"column":43},"skip":true},{"start":{"line":313,"column":47},"end":{"line":313,"column":53},"skip":true}]},"28":{"line":317,"type":"if","locations":[{"start":{"line":317,"column":12},"end":{"line":317,"column":12},"skip":true},{"start":{"line":317,"column":12},"end":{"line":317,"column":12},"skip":true}]}},"code":["/*","example.js","","quickstart example","","instruction","    1. save this script as example.js","    2. run the shell command:","        $ npm install npmtest-check-dependencies && PORT=8081 node example.js","    3. play with the browser-demo on http://127.0.0.1:8081","*/","","","","/* istanbul instrument in package npmtest_check_dependencies */","/*jslint","    bitwise: true,","    browser: true,","    maxerr: 8,","    maxlen: 96,","    node: true,","    nomen: true,","    regexp: true,","    stupid: true","*/","(function () {","    'use strict';","    var local;","","","","    // run shared js-env code - pre-init","    (function () {","        // init local","        local = {};","        // init modeJs","        local.modeJs = (function () {","            try {","                return typeof navigator.userAgent === 'string' &&","                    typeof document.querySelector('body') === 'object' &&","                    typeof XMLHttpRequest.prototype.open === 'function' &&","                    'browser';","            } catch (errorCaughtBrowser) {","                return module.exports &&","                    typeof process.versions.node === 'string' &&","                    typeof require('http').createServer === 'function' &&","                    'node';","            }","        }());","        // init global","        local.global = local.modeJs === 'browser'","            ? window","            : global;","        // init utility2_rollup","        local = local.global.utility2_rollup || (local.modeJs === 'browser'","            ? local.global.utility2_npmtest_check_dependencies","            : global.utility2_moduleExports);","        // export local","        local.global.local = local;","    }());","    switch (local.modeJs) {","","","","    // post-init","    // run browser js-env code - post-init","    /* istanbul ignore next */","    case 'browser':","        local.testRunBrowser = function (event) {","            if (!event || (event &&","                    event.currentTarget &&","                    event.currentTarget.className &&","                    event.currentTarget.className.includes &&","                    event.currentTarget.className.includes('onreset'))) {","                // reset output","                Array.from(","                    document.querySelectorAll('body > .resettable')","                ).forEach(function (element) {","                    switch (element.tagName) {","                    case 'INPUT':","                    case 'TEXTAREA':","                        element.value = '';","                        break;","                    default:","                        element.textContent = '';","                    }","                });","            }","            switch (event && event.currentTarget && event.currentTarget.id) {","            case 'testRunButton1':","                // show tests","                if (document.querySelector('#testReportDiv1').style.display === 'none') {","                    document.querySelector('#testReportDiv1').style.display = 'block';","                    document.querySelector('#testRunButton1').textContent =","                        'hide internal test';","                    local.modeTest = true;","                    local.testRunDefault(local);","                // hide tests","                } else {","                    document.querySelector('#testReportDiv1').style.display = 'none';","                    document.querySelector('#testRunButton1').textContent = 'run internal test';","                }","                break;","            // custom-case","            default:","                break;","            }","            if (document.querySelector('#inputTextareaEval1') && (!event || (event &&","                    event.currentTarget &&","                    event.currentTarget.className &&","                    event.currentTarget.className.includes &&","                    event.currentTarget.className.includes('oneval')))) {","                // try to eval input-code","                try {","                    /*jslint evil: true*/","                    eval(document.querySelector('#inputTextareaEval1').value);","                } catch (errorCaught) {","                    console.error(errorCaught);","                }","            }","        };","        // log stderr and stdout to #outputTextareaStdout1","        ['error', 'log'].forEach(function (key) {","            console[key + '_original'] = console[key];","            console[key] = function () {","                var element;","                console[key + '_original'].apply(console, arguments);","                element = document.querySelector('#outputTextareaStdout1');","                if (!element) {","                    return;","                }","                // append text to #outputTextareaStdout1","                element.value += Array.from(arguments).map(function (arg) {","                    return typeof arg === 'string'","                        ? arg","                        : JSON.stringify(arg, null, 4);","                }).join(' ') + '\\n';","                // scroll textarea to bottom","                element.scrollTop = element.scrollHeight;","            };","        });","        // init event-handling","        ['change', 'click', 'keyup'].forEach(function (event) {","            Array.from(document.querySelectorAll('.on' + event)).forEach(function (element) {","                element.addEventListener(event, local.testRunBrowser);","            });","        });","        // run tests","        local.testRunBrowser();","        break;","","","","    // run node js-env code - post-init","    /* istanbul ignore next */","    case 'node':","        // export local","        module.exports = local;","        // require modules","        local.fs = require('fs');","        local.http = require('http');","        local.url = require('url');","        // init assets","        local.assetsDict = local.assetsDict || {};","        /* jslint-ignore-begin */","        local.assetsDict['/assets.index.template.html'] = '\\","<!doctype html>\\n\\","<html lang=\"en\">\\n\\","<head>\\n\\","<meta charset=\"UTF-8\">\\n\\","<meta name=\"viewport\" content=\"width=device-width, initial-scale=1\">\\n\\","<title>{{env.npm_package_name}} (v{{env.npm_package_version}})</title>\\n\\","<style>\\n\\","/*csslint\\n\\","    box-sizing: false,\\n\\","    universal-selector: false\\n\\","*/\\n\\","* {\\n\\","    box-sizing: border-box;\\n\\","}\\n\\","body {\\n\\","    background: #dde;\\n\\","    font-family: Arial, Helvetica, sans-serif;\\n\\","    margin: 2rem;\\n\\","}\\n\\","body > * {\\n\\","    margin-bottom: 1rem;\\n\\","}\\n\\",".utility2FooterDiv {\\n\\","    margin-top: 20px;\\n\\","    text-align: center;\\n\\","}\\n\\","</style>\\n\\","<style>\\n\\","/*csslint\\n\\","*/\\n\\","textarea {\\n\\","    font-family: monospace;\\n\\","    height: 10rem;\\n\\","    width: 100%;\\n\\","}\\n\\","textarea[readonly] {\\n\\","    background: #ddd;\\n\\","}\\n\\","</style>\\n\\","</head>\\n\\","<body>\\n\\","<!-- utility2-comment\\n\\","<div id=\"ajaxProgressDiv1\" style=\"background: #d00; height: 2px; left: 0; margin: 0; padding: 0; position: fixed; top: 0; transition: background 0.5s, width 1.5s; width: 25%;\"></div>\\n\\","utility2-comment -->\\n\\","<h1>\\n\\","<!-- utility2-comment\\n\\","    <a\\n\\","        {{#if env.npm_package_homepage}}\\n\\","        href=\"{{env.npm_package_homepage}}\"\\n\\","        {{/if env.npm_package_homepage}}\\n\\","        target=\"_blank\"\\n\\","    >\\n\\","utility2-comment -->\\n\\","        {{env.npm_package_name}} (v{{env.npm_package_version}})\\n\\","<!-- utility2-comment\\n\\","    </a>\\n\\","utility2-comment -->\\n\\","</h1>\\n\\","<h3>{{env.npm_package_description}}</h3>\\n\\","<!-- utility2-comment\\n\\","<h4><a download href=\"assets.app.js\">download standalone app</a></h4>\\n\\","<button class=\"onclick onreset\" id=\"testRunButton1\">run internal test</button><br>\\n\\","<div id=\"testReportDiv1\" style=\"display: none;\"></div>\\n\\","utility2-comment -->\\n\\","\\n\\","\\n\\","\\n\\","<label>stderr and stdout</label>\\n\\","<textarea class=\"resettable\" id=\"outputTextareaStdout1\" readonly></textarea>\\n\\","<!-- utility2-comment\\n\\","{{#if isRollup}}\\n\\","<script src=\"assets.app.js\"></script>\\n\\","{{#unless isRollup}}\\n\\","utility2-comment -->\\n\\","<script src=\"assets.utility2.rollup.js\"></script>\\n\\","<script src=\"jsonp.utility2._stateInit?callback=window.utility2._stateInit\"></script>\\n\\","<script src=\"assets.npmtest_check_dependencies.rollup.js\"></script>\\n\\","<script src=\"assets.example.js\"></script>\\n\\","<script src=\"assets.test.js\"></script>\\n\\","<!-- utility2-comment\\n\\","{{/if isRollup}}\\n\\","utility2-comment -->\\n\\","<div class=\"utility2FooterDiv\">\\n\\","    [ this app was created with\\n\\","    <a href=\"https://github.com/kaizhu256/node-utility2\" target=\"_blank\">utility2</a>\\n\\","    ]\\n\\","</div>\\n\\","</body>\\n\\","</html>\\n\\","';","        /* jslint-ignore-end */","        if (local.templateRender) {","            local.assetsDict['/'] = local.templateRender(","                local.assetsDict['/assets.index.template.html'],","                {","                    env: local.objectSetDefault(local.env, {","                        npm_package_description: 'the greatest app in the world!',","                        npm_package_name: 'my-app',","                        npm_package_nameAlias: 'my_app',","                        npm_package_version: '0.0.1'","                    })","                }","            );","        } else {","            local.assetsDict['/'] = local.assetsDict['/assets.index.template.html']","                .replace((/\\{\\{env\\.(\\w+?)\\}\\}/g), function (match0, match1) {","                    // jslint-hack","                    String(match0);","                    switch (match1) {","                    case 'npm_package_description':","                        return 'the greatest app in the world!';","                    case 'npm_package_name':","                        return 'my-app';","                    case 'npm_package_nameAlias':","                        return 'my_app';","                    case 'npm_package_version':","                        return '0.0.1';","                    }","                });","        }","        // run the cli","        if (local.global.utility2_rollup || module !== require.main) {","            break;","        }","        local.assetsDict['/assets.example.js'] =","            local.assetsDict['/assets.example.js'] ||","            local.fs.readFileSync(__filename, 'utf8');","        // bug-workaround - long $npm_package_buildCustomOrg","        /* jslint-ignore-begin */","        local.assetsDict['/assets.npmtest_check_dependencies.rollup.js'] =","            local.assetsDict['/assets.npmtest_check_dependencies.rollup.js'] ||","            local.fs.readFileSync(","                local.npmtest_check_dependencies.__dirname + '/lib.npmtest_check_dependencies.js',","                'utf8'","            ).replace((/^#!/), '//');","        /* jslint-ignore-end */","        local.assetsDict['/favicon.ico'] = local.assetsDict['/favicon.ico'] || '';","        // if $npm_config_timeout_exit exists,","        // then exit this process after $npm_config_timeout_exit ms","        if (Number(process.env.npm_config_timeout_exit)) {","            setTimeout(process.exit, Number(process.env.npm_config_timeout_exit));","        }","        // start server","        if (local.global.utility2_serverHttp1) {","            break;","        }","        process.env.PORT = process.env.PORT || '8081';","        console.error('server starting on port ' + process.env.PORT);","        local.http.createServer(function (request, response) {","            request.urlParsed = local.url.parse(request.url);","            if (local.assetsDict[request.urlParsed.pathname] !== undefined) {","                response.end(local.assetsDict[request.urlParsed.pathname]);","                return;","            }","            response.statusCode = 404;","            response.end();","        }).listen(process.env.PORT);","        break;","    }","}());",""],"l":{"26":2,"28":2,"33":2,"35":2,"37":2,"38":2,"39":2,"44":1,"51":2,"55":2,"59":2,"61":2,"69":1,"70":2,"76":2,"79":2,"82":2,"83":2,"85":1,"89":2,"92":1,"93":1,"94":1,"96":1,"97":1,"100":1,"101":1,"103":1,"106":1,"108":2,"114":1,"116":1,"118":1,"123":1,"124":2,"125":2,"126":3,"127":3,"128":3,"129":3,"130":1,"133":3,"134":3,"139":3,"143":1,"144":3,"145":1,"149":1,"150":1,"158":1,"160":1,"161":1,"162":1,"164":1,"166":1,"258":1,"259":1,"271":1,"274":6,"275":6,"277":1,"279":2,"281":1,"283":2,"288":1,"289":1,"291":1,"296":1,"303":1,"306":1,"307":1,"310":1,"311":1,"313":1,"314":1,"315":1,"316":1,"317":1,"318":1,"319":1,"321":1,"322":1,"324":1}},"/home/travis/build/npmtest/node-npmtest-check-dependencies/node_modules/check-dependencies/lib/check-dependencies.js":{"path":"/home/travis/build/npmtest/node-npmtest-check-dependencies/node_modules/check-dependencies/lib/check-dependencies.js","s":{"1":1,"2":1,"3":1,"4":1,"5":1,"6":1,"7":1,"8":1,"9":1,"10":1,"11":0,"12":0,"13":1,"14":0,"15":0,"16":0,"17":1,"18":1,"19":1,"20":1,"21":1,"22":1,"23":1,"24":1,"25":1,"26":1,"27":1,"28":1,"29":1,"30":1,"31":0,"32":1,"33":0,"34":0,"35":0,"36":1,"37":1,"38":1,"39":1,"40":1,"41":0,"42":1,"43":0,"44":0,"45":0,"46":1,"47":1,"48":0,"49":1,"50":1,"51":1,"52":0,"53":1,"54":1,"55":0,"56":0,"57":1,"58":1,"59":0,"60":1,"61":1,"62":2,"63":3,"64":1,"65":3,"66":3,"67":3,"68":3,"69":3,"70":0,"71":0,"72":0,"73":0,"74":0,"75":3,"76":0,"77":0,"78":0,"79":3,"80":2,"81":1,"82":0,"83":0,"84":0,"85":0,"86":1,"87":0,"88":1,"89":0,"90":1,"91":1,"92":1,"93":0,"94":0,"95":1,"96":1,"97":1,"98":1,"99":3,"100":1,"101":0,"102":1,"103":1,"104":0,"105":0,"106":0,"107":0,"108":0,"109":0,"110":0,"111":0,"112":0,"113":0,"114":0,"115":0,"116":0,"117":0,"118":0,"119":1,"120":1,"121":1,"122":0,"123":0,"124":0,"125":0,"126":0,"127":0,"128":0,"129":0,"130":0,"131":0,"132":0,"133":0,"134":0,"135":0,"136":0,"137":0,"138":0,"139":0,"140":0,"141":0,"142":0,"143":0,"144":0,"145":0,"146":0,"147":0,"148":0,"149":0,"150":0,"151":0,"152":0,"153":0,"154":0,"155":0,"156":0,"157":0,"158":0,"159":0,"160":0,"161":0,"162":0,"163":0,"164":0,"165":0,"166":0,"167":0,"168":0,"169":0,"170":1,"171":1,"172":1,"173":0},"b":{"1":[1,0],"2":[0,1],"3":[1,0,0],"4":[0,1],"5":[0,0],"6":[1,0],"7":[1,0],"8":[1,0],"9":[0,1],"10":[0,0],"11":[1,0],"12":[1,0],"13":[1,1],"14":[0,1],"15":[0,1],"16":[0,1],"17":[1,0],"18":[0,1],"19":[0,3],"20":[3,3],"21":[0,0],"22":[0,3],"23":[3,0],"24":[0,0],"25":[2,1],"26":[0,1],"27":[1,0],"28":[0,0],"29":[0,0],"30":[0,1],"31":[0,1],"32":[1,0],"33":[0,1],"34":[0,0],"35":[0,0],"36":[0,0],"37":[0,0],"38":[1,0],"39":[0,0],"40":[0,0],"41":[0,0],"42":[0,0],"43":[0,0],"44":[0,0],"45":[0,0],"46":[0,0],"47":[0,0],"48":[0,0],"49":[0,0],"50":[0,0],"51":[0,0],"52":[0,0]},"f":{},"fnMap":{},"statementMap":{"1":{"start":{"line":3,"column":0},"end":{"line":3,"column":25}},"2":{"start":{"line":4,"column":0},"end":{"line":4,"column":29}},"3":{"start":{"line":5,"column":0},"end":{"line":5,"column":31}},"4":{"start":{"line":6,"column":0},"end":{"line":6,"column":38}},"5":{"start":{"line":7,"column":0},"end":{"line":7,"column":33}},"6":{"start":{"line":8,"column":0},"end":{"line":8,"column":45}},"7":{"start":{"line":9,"column":0},"end":{"line":9,"column":53}},"8":{"start":{"line":11,"column":0},"end":{"line":346,"column":2}},"9":{"start":{"line":17,"column":4},"end":{"line":37,"column":5}},"10":{"start":{"line":21,"column":8},"end":{"line":24,"column":9}},"11":{"start":{"line":22,"column":12},"end":{"line":22,"column":30}},"12":{"start":{"line":23,"column":12},"end":{"line":23,"column":26}},"13":{"start":{"line":25,"column":8},"end":{"line":36,"column":9}},"14":{"start":{"line":26,"column":12},"end":{"line":35,"column":13}},"15":{"start":{"line":29,"column":16},"end":{"line":29,"column":46}},"16":{"start":{"line":34,"column":16},"end":{"line":34,"column":99}},"17":{"start":{"line":39,"column":4},"end":{"line":39,"column":47}},"18":{"start":{"line":40,"column":4},"end":{"line":40,"column":40}},"19":{"start":{"line":42,"column":4},"end":{"line":42,"column":49}},"20":{"start":{"line":44,"column":4},"end":{"line":44,"column":48}},"21":{"start":{"line":45,"column":4},"end":{"line":45,"column":23}},"22":{"start":{"line":46,"column":4},"end":{"line":46,"column":30}},"23":{"start":{"line":47,"column":4},"end":{"line":47,"column":28}},"24":{"start":{"line":49,"column":4},"end":{"line":60,"column":15}},"25":{"start":{"line":62,"column":4},"end":{"line":62,"column":93}},"26":{"start":{"line":63,"column":4},"end":{"line":63,"column":98}},"27":{"start":{"line":64,"column":4},"end":{"line":64,"column":89}},"28":{"start":{"line":66,"column":4},"end":{"line":71,"column":6}},"29":{"start":{"line":67,"column":8},"end":{"line":67,"column":33}},"30":{"start":{"line":68,"column":8},"end":{"line":70,"column":9}},"31":{"start":{"line":69,"column":12},"end":{"line":69,"column":33}},"32":{"start":{"line":73,"column":4},"end":{"line":78,"column":6}},"33":{"start":{"line":74,"column":8},"end":{"line":74,"column":35}},"34":{"start":{"line":75,"column":8},"end":{"line":77,"column":9}},"35":{"start":{"line":76,"column":12},"end":{"line":76,"column":35}},"36":{"start":{"line":80,"column":4},"end":{"line":87,"column":6}},"37":{"start":{"line":81,"column":8},"end":{"line":81,"column":40}},"38":{"start":{"line":82,"column":8},"end":{"line":85,"column":9}},"39":{"start":{"line":83,"column":12},"end":{"line":83,"column":29}},"40":{"start":{"line":84,"column":12},"end":{"line":84,"column":43}},"41":{"start":{"line":86,"column":8},"end":{"line":86,"column":22}},"42":{"start":{"line":89,"column":4},"end":{"line":93,"column":6}},"43":{"start":{"line":90,"column":8},"end":{"line":90,"column":24}},"44":{"start":{"line":91,"column":8},"end":{"line":91,"column":47}},"45":{"start":{"line":92,"column":8},"end":{"line":92,"column":24}},"46":{"start":{"line":95,"column":4},"end":{"line":95,"column":71}},"47":{"start":{"line":96,"column":4},"end":{"line":98,"column":5}},"48":{"start":{"line":97,"column":8},"end":{"line":97,"column":36}},"49":{"start":{"line":99,"column":4},"end":{"line":99,"column":88}},"50":{"start":{"line":101,"column":4},"end":{"line":101,"column":65}},"51":{"start":{"line":102,"column":4},"end":{"line":104,"column":5}},"52":{"start":{"line":103,"column":8},"end":{"line":103,"column":36}},"53":{"start":{"line":105,"column":4},"end":{"line":105,"column":39}},"54":{"start":{"line":107,"column":4},"end":{"line":110,"column":5}},"55":{"start":{"line":108,"column":8},"end":{"line":108,"column":86}},"56":{"start":{"line":109,"column":8},"end":{"line":109,"column":52}},"57":{"start":{"line":113,"column":4},"end":{"line":113,"column":91}},"58":{"start":{"line":115,"column":4},"end":{"line":118,"column":5}},"59":{"start":{"line":117,"column":8},"end":{"line":117,"column":64}},"60":{"start":{"line":120,"column":4},"end":{"line":120,"column":63}},"61":{"start":{"line":122,"column":4},"end":{"line":125,"column":91}},"62":{"start":{"line":125,"column":8},"end":{"line":125,"column":90}},"63":{"start":{"line":125,"column":44},"end":{"line":125,"column":85}},"64":{"start":{"line":130,"column":4},"end":{"line":191,"column":6}},"65":{"start":{"line":131,"column":8},"end":{"line":131,"column":30}},"66":{"start":{"line":132,"column":8},"end":{"line":132,"column":46}},"67":{"start":{"line":134,"column":8},"end":{"line":134,"column":48}},"68":{"start":{"line":135,"column":8},"end":{"line":135,"column":56}},"69":{"start":{"line":137,"column":8},"end":{"line":145,"column":9}},"70":{"start":{"line":138,"column":12},"end":{"line":143,"column":13}},"71":{"start":{"line":139,"column":16},"end":{"line":139,"column":67}},"72":{"start":{"line":141,"column":16},"end":{"line":141,"column":69}},"73":{"start":{"line":142,"column":16},"end":{"line":142,"column":32}},"74":{"start":{"line":144,"column":12},"end":{"line":144,"column":19}},"75":{"start":{"line":148,"column":8},"end":{"line":153,"column":9}},"76":{"start":{"line":149,"column":12},"end":{"line":149,"column":64}},"77":{"start":{"line":150,"column":12},"end":{"line":152,"column":13}},"78":{"start":{"line":151,"column":16},"end":{"line":151,"column":23}},"79":{"start":{"line":156,"column":8},"end":{"line":158,"column":9}},"80":{"start":{"line":157,"column":12},"end":{"line":157,"column":19}},"81":{"start":{"line":161,"column":8},"end":{"line":169,"column":9}},"82":{"start":{"line":163,"column":12},"end":{"line":168,"column":13}},"83":{"start":{"line":164,"column":16},"end":{"line":164,"column":68}},"84":{"start":{"line":165,"column":16},"end":{"line":167,"column":17}},"85":{"start":{"line":166,"column":20},"end":{"line":166,"column":27}},"86":{"start":{"line":172,"column":8},"end":{"line":174,"column":9}},"87":{"start":{"line":173,"column":12},"end":{"line":173,"column":19}},"88":{"start":{"line":178,"column":8},"end":{"line":180,"column":9}},"89":{"start":{"line":179,"column":12},"end":{"line":179,"column":19}},"90":{"start":{"line":182,"column":8},"end":{"line":182,"column":52}},"91":{"start":{"line":183,"column":8},"end":{"line":190,"column":9}},"92":{"start":{"line":184,"column":12},"end":{"line":185,"column":63}},"93":{"start":{"line":187,"column":12},"end":{"line":187,"column":28}},"94":{"start":{"line":188,"column":12},"end":{"line":189,"column":63}},"95":{"start":{"line":193,"column":4},"end":{"line":193,"column":73}},"96":{"start":{"line":194,"column":4},"end":{"line":194,"column":89}},"97":{"start":{"line":195,"column":4},"end":{"line":195,"column":83}},"98":{"start":{"line":197,"column":4},"end":{"line":199,"column":7}},"99":{"start":{"line":198,"column":8},"end":{"line":198,"column":83}},"100":{"start":{"line":201,"column":4},"end":{"line":203,"column":7}},"101":{"start":{"line":202,"column":8},"end":{"line":202,"column":90}},"102":{"start":{"line":205,"column":4},"end":{"line":205,"column":29}},"103":{"start":{"line":207,"column":4},"end":{"line":241,"column":5}},"104":{"start":{"line":208,"column":8},"end":{"line":240,"column":15}},"105":{"start":{"line":212,"column":31},"end":{"line":212,"column":49}},"106":{"start":{"line":215,"column":31},"end":{"line":215,"column":86}},"107":{"start":{"line":218,"column":16},"end":{"line":218,"column":34}},"108":{"start":{"line":221,"column":16},"end":{"line":232,"column":17}},"109":{"start":{"line":222,"column":20},"end":{"line":222,"column":77}},"110":{"start":{"line":226,"column":20},"end":{"line":230,"column":21}},"111":{"start":{"line":227,"column":24},"end":{"line":227,"column":40}},"112":{"start":{"line":228,"column":24},"end":{"line":228,"column":43}},"113":{"start":{"line":229,"column":24},"end":{"line":229,"column":89}},"114":{"start":{"line":231,"column":20},"end":{"line":231,"column":27}},"115":{"start":{"line":235,"column":16},"end":{"line":239,"column":17}},"116":{"start":{"line":236,"column":20},"end":{"line":236,"column":36}},"117":{"start":{"line":237,"column":20},"end":{"line":237,"column":39}},"118":{"start":{"line":238,"column":20},"end":{"line":238,"column":85}},"119":{"start":{"line":243,"column":4},"end":{"line":246,"column":5}},"120":{"start":{"line":244,"column":8},"end":{"line":244,"column":33}},"121":{"start":{"line":245,"column":8},"end":{"line":245,"column":24}},"122":{"start":{"line":247,"column":4},"end":{"line":247,"column":30}},"123":{"start":{"line":249,"column":4},"end":{"line":259,"column":5}},"124":{"start":{"line":250,"column":8},"end":{"line":257,"column":9}},"125":{"start":{"line":251,"column":12},"end":{"line":253,"column":74}},"126":{"start":{"line":255,"column":12},"end":{"line":256,"column":48}},"127":{"start":{"line":258,"column":8},"end":{"line":258,"column":24}},"128":{"start":{"line":262,"column":4},"end":{"line":306,"column":6}},"129":{"start":{"line":263,"column":8},"end":{"line":263,"column":85}},"130":{"start":{"line":267,"column":8},"end":{"line":267,"column":29}},"131":{"start":{"line":268,"column":8},"end":{"line":268,"column":66}},"132":{"start":{"line":270,"column":8},"end":{"line":284,"column":9}},"133":{"start":{"line":271,"column":12},"end":{"line":276,"column":19}},"134":{"start":{"line":278,"column":12},"end":{"line":283,"column":19}},"135":{"start":{"line":286,"column":8},"end":{"line":293,"column":9}},"136":{"start":{"line":287,"column":12},"end":{"line":291,"column":13}},"137":{"start":{"line":288,"column":16},"end":{"line":289,"column":53}},"138":{"start":{"line":290,"column":16},"end":{"line":290,"column":37}},"139":{"start":{"line":292,"column":12},"end":{"line":292,"column":24}},"140":{"start":{"line":294,"column":8},"end":{"line":305,"column":11}},"141":{"start":{"line":295,"column":12},"end":{"line":304,"column":15}},"142":{"start":{"line":296,"column":16},"end":{"line":299,"column":17}},"143":{"start":{"line":297,"column":20},"end":{"line":297,"column":30}},"144":{"start":{"line":298,"column":20},"end":{"line":298,"column":27}},"145":{"start":{"line":300,"column":16},"end":{"line":301,"column":39}},"146":{"start":{"line":302,"column":16},"end":{"line":302,"column":27}},"147":{"start":{"line":303,"column":16},"end":{"line":303,"column":28}},"148":{"start":{"line":308,"column":4},"end":{"line":308,"column":59}},"149":{"start":{"line":308,"column":33},"end":{"line":308,"column":58}},"150":{"start":{"line":309,"column":4},"end":{"line":309,"column":57}},"151":{"start":{"line":309,"column":33},"end":{"line":309,"column":56}},"152":{"start":{"line":311,"column":4},"end":{"line":326,"column":5}},"153":{"start":{"line":312,"column":8},"end":{"line":324,"column":9}},"154":{"start":{"line":313,"column":12},"end":{"line":315,"column":13}},"155":{"start":{"line":314,"column":16},"end":{"line":314,"column":33}},"156":{"start":{"line":317,"column":12},"end":{"line":319,"column":13}},"157":{"start":{"line":318,"column":16},"end":{"line":318,"column":33}},"158":{"start":{"line":321,"column":12},"end":{"line":321,"column":27}},"159":{"start":{"line":323,"column":12},"end":{"line":323,"column":28}},"160":{"start":{"line":325,"column":8},"end":{"line":325,"column":24}},"161":{"start":{"line":329,"column":4},"end":{"line":331,"column":5}},"162":{"start":{"line":330,"column":8},"end":{"line":330,"column":71}},"163":{"start":{"line":333,"column":4},"end":{"line":335,"column":5}},"164":{"start":{"line":334,"column":8},"end":{"line":334,"column":71}},"165":{"start":{"line":337,"column":4},"end":{"line":345,"column":11}},"166":{"start":{"line":339,"column":12},"end":{"line":339,"column":27}},"167":{"start":{"line":340,"column":12},"end":{"line":340,"column":28}},"168":{"start":{"line":343,"column":12},"end":{"line":343,"column":28}},"169":{"start":{"line":344,"column":12},"end":{"line":344,"column":28}},"170":{"start":{"line":348,"column":0},"end":{"line":348,"column":72}},"171":{"start":{"line":348,"column":30},"end":{"line":348,"column":71}},"172":{"start":{"line":349,"column":0},"end":{"line":349,"column":76}},"173":{"start":{"line":349,"column":35},"end":{"line":349,"column":75}}},"branchMap":{"1":{"line":17,"type":"if","locations":[{"start":{"line":17,"column":4},"end":{"line":17,"column":4}},{"start":{"line":17,"column":4},"end":{"line":17,"column":4}}]},"2":{"line":21,"type":"if","locations":[{"start":{"line":21,"column":8},"end":{"line":21,"column":8}},{"start":{"line":21,"column":8},"end":{"line":21,"column":8}}]},"3":{"line":21,"type":"binary-expr","locations":[{"start":{"line":21,"column":12},"end":{"line":21,"column":42}},{"start":{"line":21,"column":47},"end":{"line":21,"column":73}},{"start":{"line":21,"column":77},"end":{"line":21,"column":91}}]},"4":{"line":25,"type":"if","locations":[{"start":{"line":25,"column":8},"end":{"line":25,"column":8}},{"start":{"line":25,"column":8},"end":{"line":25,"column":8}}]},"5":{"line":26,"type":"if","locations":[{"start":{"line":26,"column":12},"end":{"line":26,"column":12}},{"start":{"line":26,"column":12},"end":{"line":26,"column":12}}]},"6":{"line":62,"type":"cond-expr","locations":[{"start":{"line":62,"column":63},"end":{"line":62,"column":77}},{"start":{"line":62,"column":80},"end":{"line":62,"column":92}}]},"7":{"line":63,"type":"cond-expr","locations":[{"start":{"line":63,"column":64},"end":{"line":63,"column":80}},{"start":{"line":63,"column":83},"end":{"line":63,"column":97}}]},"8":{"line":64,"type":"cond-expr","locations":[{"start":{"line":64,"column":53},"end":{"line":64,"column":67}},{"start":{"line":64,"column":70},"end":{"line":64,"column":88}}]},"9":{"line":68,"type":"if","locations":[{"start":{"line":68,"column":8},"end":{"line":68,"column":8}},{"start":{"line":68,"column":8},"end":{"line":68,"column":8}}]},"10":{"line":75,"type":"if","locations":[{"start":{"line":75,"column":8},"end":{"line":75,"column":8}},{"start":{"line":75,"column":8},"end":{"line":75,"column":8}}]},"11":{"line":81,"type":"cond-expr","locations":[{"start":{"line":81,"column":34},"end":{"line":81,"column":35}},{"start":{"line":81,"column":38},"end":{"line":81,"column":39}}]},"12":{"line":82,"type":"if","locations":[{"start":{"line":82,"column":8},"end":{"line":82,"column":8}},{"start":{"line":82,"column":8},"end":{"line":82,"column":8}}]},"13":{"line":95,"type":"binary-expr","locations":[{"start":{"line":95,"column":25},"end":{"line":95,"column":43}},{"start":{"line":95,"column":47},"end":{"line":95,"column":70}}]},"14":{"line":96,"type":"if","locations":[{"start":{"line":96,"column":4},"end":{"line":96,"column":4}},{"start":{"line":96,"column":4},"end":{"line":96,"column":4}}]},"15":{"line":102,"type":"if","locations":[{"start":{"line":102,"column":4},"end":{"line":102,"column":4}},{"start":{"line":102,"column":4},"end":{"line":102,"column":4}}]},"16":{"line":107,"type":"if","locations":[{"start":{"line":107,"column":4},"end":{"line":107,"column":4}},{"start":{"line":107,"column":4},"end":{"line":107,"column":4}}]},"17":{"line":113,"type":"cond-expr","locations":[{"start":{"line":113,"column":60},"end":{"line":113,"column":74}},{"start":{"line":113,"column":77},"end":{"line":113,"column":90}}]},"18":{"line":115,"type":"if","locations":[{"start":{"line":115,"column":4},"end":{"line":115,"column":4}},{"start":{"line":115,"column":4},"end":{"line":115,"column":4}}]},"19":{"line":137,"type":"if","locations":[{"start":{"line":137,"column":8},"end":{"line":137,"column":8}},{"start":{"line":137,"column":8},"end":{"line":137,"column":8}}]},"20":{"line":137,"type":"binary-expr","locations":[{"start":{"line":137,"column":12},"end":{"line":137,"column":34}},{"start":{"line":137,"column":38},"end":{"line":137,"column":61}}]},"21":{"line":138,"type":"if","locations":[{"start":{"line":138,"column":12},"end":{"line":138,"column":12}},{"start":{"line":138,"column":12},"end":{"line":138,"column":12}}]},"22":{"line":148,"type":"if","locations":[{"start":{"line":148,"column":8},"end":{"line":148,"column":8}},{"start":{"line":148,"column":8},"end":{"line":148,"column":8}}]},"23":{"line":148,"type":"binary-expr","locations":[{"start":{"line":148,"column":12},"end":{"line":148,"column":32}},{"start":{"line":148,"column":36},"end":{"line":148,"column":73}}]},"24":{"line":150,"type":"if","locations":[{"start":{"line":150,"column":12},"end":{"line":150,"column":12}},{"start":{"line":150,"column":12},"end":{"line":150,"column":12}}]},"25":{"line":156,"type":"if","locations":[{"start":{"line":156,"column":8},"end":{"line":156,"column":8}},{"start":{"line":156,"column":8},"end":{"line":156,"column":8}}]},"26":{"line":161,"type":"if","locations":[{"start":{"line":161,"column":8},"end":{"line":161,"column":8}},{"start":{"line":161,"column":8},"end":{"line":161,"column":8}}]},"27":{"line":161,"type":"binary-expr","locations":[{"start":{"line":161,"column":12},"end":{"line":161,"column":43}},{"start":{"line":161,"column":47},"end":{"line":161,"column":79}}]},"28":{"line":163,"type":"if","locations":[{"start":{"line":163,"column":12},"end":{"line":163,"column":12}},{"start":{"line":163,"column":12},"end":{"line":163,"column":12}}]},"29":{"line":165,"type":"if","locations":[{"start":{"line":165,"column":16},"end":{"line":165,"column":16}},{"start":{"line":165,"column":16},"end":{"line":165,"column":16}}]},"30":{"line":172,"type":"if","locations":[{"start":{"line":172,"column":8},"end":{"line":172,"column":8}},{"start":{"line":172,"column":8},"end":{"line":172,"column":8}}]},"31":{"line":178,"type":"if","locations":[{"start":{"line":178,"column":8},"end":{"line":178,"column":8}},{"start":{"line":178,"column":8},"end":{"line":178,"column":8}}]},"32":{"line":183,"type":"if","locations":[{"start":{"line":183,"column":8},"end":{"line":183,"column":8}},{"start":{"line":183,"column":8},"end":{"line":183,"column":8}}]},"33":{"line":207,"type":"if","locations":[{"start":{"line":207,"column":4},"end":{"line":207,"column":4}},{"start":{"line":207,"column":4},"end":{"line":207,"column":4}}]},"34":{"line":221,"type":"if","locations":[{"start":{"line":221,"column":16},"end":{"line":221,"column":16}},{"start":{"line":221,"column":16},"end":{"line":221,"column":16}}]},"35":{"line":226,"type":"if","locations":[{"start":{"line":226,"column":20},"end":{"line":226,"column":20}},{"start":{"line":226,"column":20},"end":{"line":226,"column":20}}]},"36":{"line":226,"type":"binary-expr","locations":[{"start":{"line":226,"column":24},"end":{"line":226,"column":37}},{"start":{"line":226,"column":41},"end":{"line":226,"column":67}}]},"37":{"line":235,"type":"if","locations":[{"start":{"line":235,"column":16},"end":{"line":235,"column":16}},{"start":{"line":235,"column":16},"end":{"line":235,"column":16}}]},"38":{"line":243,"type":"if","locations":[{"start":{"line":243,"column":4},"end":{"line":243,"column":4}},{"start":{"line":243,"column":4},"end":{"line":243,"column":4}}]},"39":{"line":249,"type":"if","locations":[{"start":{"line":249,"column":4},"end":{"line":249,"column":4}},{"start":{"line":249,"column":4},"end":{"line":249,"column":4}}]},"40":{"line":250,"type":"if","locations":[{"start":{"line":250,"column":8},"end":{"line":250,"column":8}},{"start":{"line":250,"column":8},"end":{"line":250,"column":8}}]},"41":{"line":268,"type":"cond-expr","locations":[{"start":{"line":268,"column":48},"end":{"line":268,"column":57}},{"start":{"line":268,"column":60},"end":{"line":268,"column":65}}]},"42":{"line":270,"type":"if","locations":[{"start":{"line":270,"column":8},"end":{"line":270,"column":8}},{"start":{"line":270,"column":8},"end":{"line":270,"column":8}}]},"43":{"line":271,"type":"cond-expr","locations":[{"start":{"line":271,"column":50},"end":{"line":271,"column":56}},{"start":{"line":271,"column":59},"end":{"line":271,"column":64}}]},"44":{"line":272,"type":"cond-expr","locations":[{"start":{"line":272,"column":34},"end":{"line":272,"column":50}},{"start":{"line":272,"column":53},"end":{"line":272,"column":83}}]},"45":{"line":286,"type":"if","locations":[{"start":{"line":286,"column":8},"end":{"line":286,"column":8}},{"start":{"line":286,"column":8},"end":{"line":286,"column":8}}]},"46":{"line":287,"type":"if","locations":[{"start":{"line":287,"column":12},"end":{"line":287,"column":12}},{"start":{"line":287,"column":12},"end":{"line":287,"column":12}}]},"47":{"line":296,"type":"if","locations":[{"start":{"line":296,"column":16},"end":{"line":296,"column":16}},{"start":{"line":296,"column":16},"end":{"line":296,"column":16}}]},"48":{"line":311,"type":"if","locations":[{"start":{"line":311,"column":4},"end":{"line":311,"column":4}},{"start":{"line":311,"column":4},"end":{"line":311,"column":4}}]},"49":{"line":313,"type":"if","locations":[{"start":{"line":313,"column":12},"end":{"line":313,"column":12}},{"start":{"line":313,"column":12},"end":{"line":313,"column":12}}]},"50":{"line":317,"type":"if","locations":[{"start":{"line":317,"column":12},"end":{"line":317,"column":12}},{"start":{"line":317,"column":12},"end":{"line":317,"column":12}}]},"51":{"line":329,"type":"if","locations":[{"start":{"line":329,"column":4},"end":{"line":329,"column":4}},{"start":{"line":329,"column":4},"end":{"line":329,"column":4}}]},"52":{"line":333,"type":"if","locations":[{"start":{"line":333,"column":4},"end":{"line":333,"column":4}},{"start":{"line":333,"column":4},"end":{"line":333,"column":4}}]}},"code":["'use strict';","","const fs = require('fs');","const path = require('path');","const chalk = require('chalk');","const findup = require('findup-sync');","const semver = require('semver');","const spawn = require('child_process').spawn;","const spawnSync = require('child_process').spawnSync;","","const checkDependenciesHelper = (syncOrAsync, config, callback) => {","    // We treat the signature:","    //     checkDependencies(callback)","    // as:","    //     checkDependencies({}, callback)","","    if (syncOrAsync === 'async') {","        // Catch all cases where `config` is not an object - even if it's not a function","        // so it's useless here, we need it to be assigned to `callback` to provide","        // to the error message.","        if (typeof callback !== 'function' && (typeof config !== 'object' || config == null)) {","            callback = config;","            config = null;","        }","        if (typeof callback !== 'function') {","            if (callback == null) {","                // In the async mode we return the promise anyway; assign callback","                // to noop to keep code consistency.","                callback = () => {/* noop */};","            } else {","                // If callback was simply not provided, we assume the user wanted","                // to handle the returned promise. If it was passed but not a function","                // we assume user error and throw.","                throw new TypeError(`The provided callback wasn't a function! Got: ${ callback }`);","            }","        }","    }","","    const win32 = process.platform === 'win32';","    const output = {log: [], error: []};","","    let depsDirName, packageJson, pkgManagerPath;","","    let installPrunePromise = Promise.resolve();","    let success = true;","    let installNeeded = false;","    let pruneNeeded = false;","","    const options = Object.assign({","        packageManager: 'npm',","        onlySpecified: false,","        install: false,","        scopeList: ['dependencies', 'devDependencies'],","        optionalScopeList: ['optionalDependencies'],","        verbose: false,","        checkGitUrls: false,","        checkCustomPackageNames: false,","        log: console.log.bind(console),","        error: console.error.bind(console),","    }, config);","","    const packageJsonName = options.packageManager === 'npm' ? 'package.json' : 'bower.json';","    const packageJsonRegex = options.packageManager === 'npm' ? /package\\.json$/ : /bower\\.json$/;","    depsDirName = options.packageManager === 'npm' ? 'node_modules' : 'bower_components';","","    const log = message => {","        output.log.push(message);","        if (options.verbose) {","            options.log(message);","        }","    };","","    const error = message => {","        output.error.push(message);","        if (options.verbose) {","            options.error(message);","        }","    };","","    const finish = () => {","        output.status = success ? 0 : 1;","        if (syncOrAsync === 'async') {","            callback(output);","            return Promise.resolve(output);","        }","        return output;","    };","","    const missingPackageJson = () => {","        success = false;","        error(`Missing ${ packageJsonName }!`);","        return finish();","    };","","    options.packageDir = options.packageDir || findup(packageJsonName);","    if (!options.packageDir) {","        return missingPackageJson();","    }","    options.packageDir = path.resolve(options.packageDir.replace(packageJsonRegex, ''));","","    packageJson = `${ options.packageDir }/${ packageJsonName }`;","    if (!fs.existsSync(packageJson)) {","        return missingPackageJson();","    }","    packageJson = require(packageJson);","","    if (options.packageManager === 'bower') {","        const bowerConfig = require('bower-config').create(options.packageDir).load();","        depsDirName = bowerConfig._config.directory;","    }","","    // Bower uses a different name (with a dot) for package data of dependencies.","    const depsJsonName = options.packageManager === 'npm' ? 'package.json' : '.bower.json';","","    if (options.packageManager === 'bower') {","        // Allow a local bower.","        pkgManagerPath = findup('node_modules/bower/bin/bower');","    }","","    const depsDir = `${ options.packageDir }/${ depsDirName }`;","","    const getDepsMappingsFromScopeList = scopeList =>","        // Get names of all packages specified in package.json/bower.json at keys from scopeList","        // together with specified version numbers.","        scopeList.reduce((result, scope) => Object.assign(result, packageJson[scope]), {});","","    // Make sure each package from `scopeList` is present and matches the specified version range.","    // Packages from `optionalScopeList` may not be present but if they are, they are required","    // to match the specified version range.","    const checkPackage = pkg => {","        const name = pkg.name;","        let versionString = pkg.versionString;","","        const depDir = `${ depsDir }/${ name }`;","        const depJson = `${ depDir }/${ depsJsonName }`;","","        if (!fs.existsSync(depDir) || !fs.existsSync(depJson)) {","            if (pkg.isOptional) {","                log(`${ name }: ${ chalk.red('not installed!') }`);","            } else {","                error(`${ name }: ${ chalk.red('not installed!') }`);","                success = false;","            }","            return;","        }","","        // Let's look if we can get a valid version from a Git URL","        if (options.checkGitUrls && /\\.git.*#v?(.+)$/.test(versionString)) {","            versionString = (/#v?(.+)$/.exec(versionString))[1];","            if (!semver.valid(versionString)) {","                return;","            }","        }","","        // Quick and dirty check - make sure we're not dealing with a URL","        if (/\\//.test(versionString)) {","            return;","        }","","        // Bower has the option to specify a custom name, e.g. 'packageOld' : 'package#1.2.3'","        if (options.checkCustomPackageNames && options.packageManager !== 'npm') {","            // Let's look if we can get a valid version from a custom package name (with a # in it)","            if (/\\.*#v?(.+)$/.test(versionString)) {","                versionString = (/#v?(.+)$/.exec(versionString))[1];","                if (!semver.valid(versionString)) {","                    return;","                }","            }","        }","","        // If we are dealing with a custom package name, semver check won't work - skip it","        if (/#/.test(versionString)) {","            return;","        }","","        // Skip version checks for 'latest' - the semver module won't help here and the check","        // would have to consult the npm server, making the operation slow.","        if (versionString === 'latest') {","            return;","        }","","        const depVersion = require(depJson).version;","        if (semver.satisfies(depVersion, versionString)) {","            log(`${ name }: installed: ${ chalk.green(depVersion)","                }, expected: ${ chalk.green(versionString) }`);","        } else {","            success = false;","            error(`${ name }: installed: ${ chalk.red(depVersion)","                }, expected: ${ chalk.green(versionString) }`);","        }","    };","","    const depsMappings = getDepsMappingsFromScopeList(options.scopeList);","    const optionalDepsMappings = getDepsMappingsFromScopeList(options.optionalScopeList);","    const fullDepsMappings = Object.assign({}, depsMappings, optionalDepsMappings);","","    Object.keys(depsMappings).forEach(name => {","        checkPackage({name, versionString: depsMappings[name], isOptional: false});","    });","","    Object.keys(optionalDepsMappings).forEach(name => {","        checkPackage({name, versionString: optionalDepsMappings[name], isOptional: true});","    });","","    installNeeded = !success;","","    if (options.onlySpecified) {","        fs","            .readdirSync(depsDir)","","            // Ignore hidden directories","            .filter(depName => depName[0] !== '.')","","            // Ignore files","            .filter(depName => fs.lstatSync(`${ depsDir }/${ depName }`).isDirectory())","","            .forEach(depName => {","                let depSubDirName;","","                // Scoped packages","                if (depName[0] === '@') {","                    depName = fs.readdirSync(`${ depsDir }/${ depName }`)[0];","","                    // Ignore weird directories - if it just looks like a scoped package but","                    // isn't one, just skip it.","                    if (depSubDirName && !fullDepsMappings[depName]) {","                        success = false;","                        pruneNeeded = true;","                        error(`Package ${ depName } installed, though it shouldn\\'t be`);","                    }","                    return;","                }","","                // Regular packages","                if (!fullDepsMappings[depName]) {","                    success = false;","                    pruneNeeded = true;","                    error(`Package ${ depName } installed, though it shouldn\\'t be`);","                }","            });","    }","","    if (success) {","        output.depsWereOk = true;","        return finish();","    }","    output.depsWereOk = false;","","    if (!options.install) {","        if (options.onlySpecified) {","            error(`Invoke ${ chalk.green(`${ options.packageManager } prune`) } and ${","                chalk.green(`${ options.packageManager } install`)","                } to install missing packages and remove excessive ones`);","        } else {","            error(`Invoke ${ chalk.green(`${ options.packageManager } install`)","                } to install missing packages`);","        }","        return finish();","    }","","","    const installOrPrune = mode => {","        log(`Invoking ${ chalk.green(`${ options.packageManager } ${ mode }`) }...`);","","        // If we're using a direct path, on Windows we need to invoke it via `node path`, not","        // `cmd /c path`. In UNIX systems we can execute the command directly so no need to wrap.","        let msg, spawnReturn;","        const method = syncOrAsync === 'sync' ? spawnSync : spawn;","","        if (win32) {","            spawnReturn = method(pkgManagerPath ? 'node' : 'cmd',","                (pkgManagerPath ? [pkgManagerPath] : ['/c', options.packageManager]).concat(mode),","                {","                    cwd: options.packageDir,","                    stdio: 'inherit',","                });","        } else {","            spawnReturn = method(options.packageManager,","                [mode],","                {","                    cwd: options.packageDir,","                    stdio: 'inherit',","                });","        }","","        if (syncOrAsync === 'sync') {","            if (spawnReturn.status !== 0) {","                msg = `${ options.packageManager } ${ mode } failed with code: ${","                    chalk.red(spawnReturn.status) }`;","                throw new Error(msg);","            }","            return null;","        }","        return new Promise((resolve, reject) => {","            spawnReturn.on('close', code => {","                if (code === 0) {","                    resolve();","                    return;","                }","                msg = `${ options.packageManager } ${ mode } failed with code: ${","                    chalk.red(code) }`;","                error(msg);","                reject(msg);","            });","        });","    };","","    const installMissing = () => installOrPrune('install');","    const pruneExcessive = () => installOrPrune('prune');","","    if (syncOrAsync === 'sync') {","        try {","            if (installNeeded) {","                installMissing();","            }","","            if (pruneNeeded) {","                pruneExcessive();","            }","","            success = true;","        } catch (error) {","            success = false;","        }","        return finish();","    }","","    // Async scenario","    if (installNeeded) {","        installPrunePromise = installPrunePromise.then(installMissing);","    }","","    if (pruneNeeded) {","        installPrunePromise = installPrunePromise.then(pruneExcessive);","    }","","    return installPrunePromise","        .then(() => {","            success = true;","            return finish();","        })","        .catch(() => {","            success = false;","            return finish();","        });","};","","module.exports = (cfg, cb) => checkDependenciesHelper('async', cfg, cb);","module.exports.sync = (cfg, cb) => checkDependenciesHelper('sync', cfg, cb);",""],"l":{"3":1,"4":1,"5":1,"6":1,"7":1,"8":1,"9":1,"11":1,"17":1,"21":1,"22":0,"23":0,"25":1,"26":0,"29":0,"34":0,"39":1,"40":1,"42":1,"44":1,"45":1,"46":1,"47":1,"49":1,"62":1,"63":1,"64":1,"66":1,"67":1,"68":1,"69":0,"73":1,"74":0,"75":0,"76":0,"80":1,"81":1,"82":1,"83":1,"84":1,"86":0,"89":1,"90":0,"91":0,"92":0,"95":1,"96":1,"97":0,"99":1,"101":1,"102":1,"103":0,"105":1,"107":1,"108":0,"109":0,"113":1,"115":1,"117":0,"120":1,"122":1,"125":3,"130":1,"131":3,"132":3,"134":3,"135":3,"137":3,"138":0,"139":0,"141":0,"142":0,"144":0,"148":3,"149":0,"150":0,"151":0,"156":3,"157":2,"161":1,"163":0,"164":0,"165":0,"166":0,"172":1,"173":0,"178":1,"179":0,"182":1,"183":1,"184":1,"187":0,"188":0,"193":1,"194":1,"195":1,"197":1,"198":3,"201":1,"202":0,"205":1,"207":1,"208":0,"212":0,"215":0,"218":0,"221":0,"222":0,"226":0,"227":0,"228":0,"229":0,"231":0,"235":0,"236":0,"237":0,"238":0,"243":1,"244":1,"245":1,"247":0,"249":0,"250":0,"251":0,"255":0,"258":0,"262":0,"263":0,"267":0,"268":0,"270":0,"271":0,"278":0,"286":0,"287":0,"288":0,"290":0,"292":0,"294":0,"295":0,"296":0,"297":0,"298":0,"300":0,"302":0,"303":0,"308":0,"309":0,"311":0,"312":0,"313":0,"314":0,"317":0,"318":0,"321":0,"323":0,"325":0,"329":0,"330":0,"333":0,"334":0,"337":0,"339":0,"340":0,"343":0,"344":0,"348":1,"349":1}},"/home/travis/build/npmtest/node-npmtest-check-dependencies/node_modules/check-dependencies/bin/cli.js":{"path":"/home/travis/build/npmtest/node-npmtest-check-dependencies/node_modules/check-dependencies/bin/cli.js","s":{"1":1,"2":1,"3":1,"4":1,"5":1,"6":1,"7":1,"8":1,"9":1,"10":2,"11":0,"12":0,"13":1,"14":1,"15":1,"16":1,"17":0,"18":0,"19":1,"20":0,"21":1,"22":0,"23":1,"24":1},"b":{"1":[0,2],"2":[0,0],"3":[0,1],"4":[0,1]},"f":{"1":1},"fnMap":{"1":{"name":"(anonymous_1)","line":32,"loc":{"start":{"line":32,"column":12},"end":{"line":32,"column":21}}}},"statementMap":{"1":{"start":{"line":5,"column":0},"end":{"line":5,"column":37}},"2":{"start":{"line":6,"column":0},"end":{"line":6,"column":46}},"3":{"start":{"line":7,"column":0},"end":{"line":7,"column":63}},"4":{"start":{"line":9,"column":0},"end":{"line":9,"column":45}},"5":{"start":{"line":12,"column":0},"end":{"line":16,"column":1}},"6":{"start":{"line":13,"column":4},"end":{"line":13,"column":28}},"7":{"start":{"line":14,"column":4},"end":{"line":14,"column":21}},"8":{"start":{"line":15,"column":4},"end":{"line":15,"column":33}},"9":{"start":{"line":19,"column":0},"end":{"line":25,"column":1}},"10":{"start":{"line":20,"column":4},"end":{"line":24,"column":5}},"11":{"start":{"line":21,"column":8},"end":{"line":23,"column":9}},"12":{"start":{"line":22,"column":12},"end":{"line":22,"column":42}},"13":{"start":{"line":28,"column":0},"end":{"line":28,"column":29}},"14":{"start":{"line":29,"column":0},"end":{"line":29,"column":20}},"15":{"start":{"line":31,"column":0},"end":{"line":47,"column":2}},"16":{"start":{"line":33,"column":8},"end":{"line":37,"column":9}},"17":{"start":{"line":34,"column":12},"end":{"line":36,"column":13}},"18":{"start":{"line":35,"column":16},"end":{"line":35,"column":33}},"19":{"start":{"line":39,"column":8},"end":{"line":41,"column":9}},"20":{"start":{"line":40,"column":12},"end":{"line":40,"column":31}},"21":{"start":{"line":43,"column":8},"end":{"line":45,"column":9}},"22":{"start":{"line":44,"column":12},"end":{"line":44,"column":45}},"23":{"start":{"line":49,"column":0},"end":{"line":49,"column":38}},"24":{"start":{"line":51,"column":0},"end":{"line":51,"column":21}}},"branchMap":{"1":{"line":20,"type":"if","locations":[{"start":{"line":20,"column":4},"end":{"line":20,"column":4}},{"start":{"line":20,"column":4},"end":{"line":20,"column":4}}]},"2":{"line":21,"type":"if","locations":[{"start":{"line":21,"column":8},"end":{"line":21,"column":8}},{"start":{"line":21,"column":8},"end":{"line":21,"column":8}}]},"3":{"line":33,"type":"if","locations":[{"start":{"line":33,"column":8},"end":{"line":33,"column":8}},{"start":{"line":33,"column":8},"end":{"line":33,"column":8}}]},"4":{"line":43,"type":"if","locations":[{"start":{"line":43,"column":8},"end":{"line":43,"column":8}},{"start":{"line":43,"column":8},"end":{"line":43,"column":8}}]}},"code":["//#!/usr/bin/env node","","'use strict';","","const minimist = require('minimist');","const camelCase = require('lodash.camelcase');","const checkDependencies = require('../lib/check-dependencies');","","const argv = minimist(process.argv.slice(2));","","// camelCase the options","for (const key of Object.keys(argv)) {","    const value = argv[key];","    delete argv[key];","    argv[camelCase(key)] = value;","}","","// Options of type array should always have array values","for (const option of ['scopeList', 'optionalScopeList']) {","    if (option in argv) {","        if (!Array.isArray(argv[option])) {","            argv[option] = [argv[option]];","        }","    }","}","","// We'll handle verbosity by the CLI here.","const verbose = argv.verbose;","delete argv.verbose;","","const Cli = {","    reporter(result) {","        if (verbose) {","            for (const msg of result.log) {","                console.log(msg);","            }","        }","","        for (const msg of result.error) {","            console.error(msg);","        }","","        if (result.status !== 0) {","            process.exitCode = result.status;","        }","    },","};","","checkDependencies(argv, Cli.reporter);","","module.exports = Cli;",""],"l":{"5":1,"6":1,"7":1,"9":1,"12":1,"13":1,"14":1,"15":1,"19":1,"20":2,"21":0,"22":0,"28":1,"29":1,"31":1,"33":1,"34":0,"35":0,"39":1,"40":0,"43":1,"44":0,"49":1,"51":1}}}